<?xml version="1.0" encoding="utf-8"?><testsuites name="pytest tests"><testsuite name="pytest" errors="0" failures="2" skipped="0" tests="28" time="11.124" timestamp="2026-08-22T16:09:12.949927+00:00" hostname="agent-env-ce41f960-88ed-4b5f-9a9d-b6b42bcd4694"><testcase classname="tests.test_iteration2.TestScoring" name="test_get_scoring_config" time="0.341" /><testcase classname="tests.test_iteration2.TestNotes" name="test_notes_requires_auth" time="0.305" /><testcase classname="tests.test_iteration2.TestScoring" name="test_get_scoring_404" time="0.124" /><testcase classname="tests.test_iteration2.TestNotes" name="test_list_notes_seeded" time="0.701" /><testcase classname="tests.test_iteration2.TestScoring" name="test_put_scoring_requires_admin" time="0.899" /><testcase classname="tests.test_iteration2.TestNotes" name="test_filter_notes_by_exam" time="0.213" /><testcase classname="tests.test_iteration2.TestNotes" name="test_get_note_by_id_and_404" time="0.327" /><testcase classname="tests.test_iteration2.TestNotes" name="test_topic_note_lookup" time="0.329" /><testcase classname="tests.test_iteration2.TestScoring" name="test_put_scoring_and_calculate" time="1.383" /><testcase classname="tests.test_iteration2.TestNotes" name="test_topic_note_missing_returns_empty" time="0.118" /><testcase classname="tests.test_iteration2.TestNotes" name="test_filter_notes_by_topic" time="0.160" /><testcase classname="tests.test_iteration2.TestUploadAndFiles" name="test_upload_requires_admin" time="0.147" /><testcase classname="tests.test_iteration2.TestUploadAndFiles" name="test_upload_and_download" time="1.505" /><testcase classname="tests.test_iteration2.TestScoring" name="test_calculate_requires_auth" time="0.380" /><testcase classname="tests.test_iteration2.TestScoring" name="test_calculate_bad_exam_404" time="0.067" /><testcase classname="tests.test_iteration2.TestScoring" name="test_calculate_unknown_section_uses_defaults" time="0.376" /><testcase classname="tests.test_iteration2.TestCsvImport" name="test_non_admin_forbidden" time="0.232" /><testcase classname="tests.test_iteration2.TestCsvImport" name="test_import_mixed_report" time="0.302"><failure message="AssertionError: imported question not found via /questions&#10;assert False&#10; +  where False = any(&lt;generator object TestCsvImport.test_import_mixed_report.&lt;locals&gt;.&lt;genexpr&gt; at 0xfee812975b70&gt;)">tests/test_iteration2.py:227: in test_import_mixed_report
    assert any(q1 in (i.get("question_text") or "") for i in items), "imported question not found via /questions"
E   AssertionError: imported question not found via /questions
E   assert False
E    +  where False = any(&lt;generator object TestCsvImport.test_import_mixed_report.&lt;locals&gt;.&lt;genexpr&gt; at 0xfee812975b70&gt;)</failure></testcase><testcase classname="tests.test_iteration2.TestUploadAndFiles" name="test_file_without_token_401" time="0.115" /><testcase classname="tests.test_iteration2.TestUploadAndFiles" name="test_unknown_file_404" time="0.132" /><testcase classname="tests.test_iteration2.TestAdminNotes" name="test_non_admin_forbidden" time="0.365" /><testcase classname="tests.test_iteration2.TestCsvImport" name="test_import_duplicate_second_call" time="0.239" /><testcase classname="tests.test_iteration2.TestRegressionSpot" name="test_dashboard" time="0.070"><failure message="assert ('stats' in {'daily_goal': 20, 'solved_today': 48, 'success_today': 50.0, 'overall_success': 65.7, ...} or 'total_questions_solved' in &quot;{'daily_goal': 20, 'solved_today': 48, 'success_today': 50.0, 'overall_success': 65.7, 'total_solved': 123, 'total_tests': 8, 'avg_score': 242.9, 'last_result': {'id': '2a9c619d-58e5-453d-b8b2-0727df13e5f5', 'user_id': '6a89bf6f401dc9521d281b37', 'session_id': 'a881de4d-bc69-42d2-84d3-c2cd0d6d65ab', 'test_id': '5ab0b350-33ed-4ec1-bf35-164af0d201f1', 'test_name': 'YKS Başlangıç Denemesi', 'exam_id': '2d9b6346-0986-4bdf-8ade-00da88f99e3d', 'total': 10, 'correct': 3, 'wrong': 7, 'blank': 0, 'net': 1.25, 'score': 62.5, 'success_rate': 30.0, 'created_at': '2026-08-22T15:45:11.473244+00:00'}, 'series': [{'date': '16.08', 'solved': 12, 'success': 63.6}, {'date': '17.08', 'solved': 11, 'success': 87.5}, {'date': '18.08', 'solved': 18, 'success': 76.5}, {'date': '19.08', 'solved': 10, 'success': 66.7}, {'date': '20.08', 'solved': 11, 'success': 62.5}, {'date': '21.08', 'solved': 13, 'success': 84.6}, {'date': '22.08', 'solved': 48, 'success': 50.0}], 'weak_topics': [{'topic_id': '67019b6c-2647-4359-b397-b95e34376591', 'topic_name': 'Fonksiyonlar', 'subject_id': 'f00ae080-101e-47c4-994c-a003a3e5f63e', 'subject_name': 'Matematik', 'subject_slug': 'matematik', 'exam_id': '2d9b6346-0986-4bdf...5-4b57-40bd-8b5d-0cf87f00d5bb', 'aa0bb2e2-42ab-4714-a357-24d84a0aea39', '41df72fa-f8e5-4793-b78c-4e04414c0c22'], 'difficulty': 'orta', 'status': 'published', 'created_at': '2026-08-22T15:25:35.408748+00:00', 'question_count': 20}, {'id': '2836591d-cca7-47c6-8d64-4ede726f912f', 'exam_id': '2d9b6346-0986-4bdf-8ade-00da88f99e3d', 'name': 'YKS Zor Deneme', 'description': 'YKS için hazırlanmış 15 soruluk deneme.', 'duration_minutes': 35, 'question_ids': ['295ad665-ff0a-48b8-95de-98138842e6f9', '9e5d25a5-4699-4cd8-b422-748e6b30acc7', '54f408d5-7955-4b95-8e2e-3ceba7049a9e', 'd9ed980b-2191-4232-89dc-1bfd173b44bc', '44091c2f-8e87-4ee0-95bc-f66b2d586992', '9d19e5a4-e8ae-43e4-8561-c958bacbdbb6', 'dc2ace55-2565-48dc-a432-7a3ecc217fea', 'd9a828ab-970f-4e1b-bd8e-1da19320775f', '7f45ee59-2cae-44d3-822c-c2a9d0f207ce', '0d45ea2d-88d0-4fbd-8898-267a80a324e6', 'f3809305-397a-4cba-bd30-7716ae1da478', 'f527f93f-3a04-4cf4-ad00-12cf15ea0294', 'eb5285f7-bb6e-47a8-a27e-d815bf66179c', 'c2d2744c-7ceb-41ef-adaf-0af07a15f8e1', '4fac2e47-8a2b-4eaa-a00d-3229fbe60137'], 'difficulty': 'orta', 'status': 'published', 'created_at': '2026-08-22T15:25:35.408771+00:00', 'question_count': 15}], 'xp': 1360, 'streak': 6}&quot;)&#10; +  where {'daily_goal': 20, 'solved_today': 48, 'success_today': 50.0, 'overall_success': 65.7, ...} = json()&#10; +    where json = &lt;Response [200]&gt;.json&#10; +  and   &quot;{'daily_goal': 20, 'solved_today': 48, 'success_today': 50.0, 'overall_success': 65.7, 'total_solved': 123, 'total_tests': 8, 'avg_score': 242.9, 'last_result': {'id': '2a9c619d-58e5-453d-b8b2-0727df13e5f5', 'user_id': '6a89bf6f401dc9521d281b37', 'session_id': 'a881de4d-bc69-42d2-84d3-c2cd0d6d65ab', 'test_id': '5ab0b350-33ed-4ec1-bf35-164af0d201f1', 'test_name': 'YKS Başlangıç Denemesi', 'exam_id': '2d9b6346-0986-4bdf-8ade-00da88f99e3d', 'total': 10, 'correct': 3, 'wrong': 7, 'blank': 0, 'net': 1.25, 'score': 62.5, 'success_rate': 30.0, 'created_at': '2026-08-22T15:45:11.473244+00:00'}, 'series': [{'date': '16.08', 'solved': 12, 'success': 63.6}, {'date': '17.08', 'solved': 11, 'success': 87.5}, {'date': '18.08', 'solved': 18, 'success': 76.5}, {'date': '19.08', 'solved': 10, 'success': 66.7}, {'date': '20.08', 'solved': 11, 'success': 62.5}, {'date': '21.08', 'solved': 13, 'success': 84.6}, {'date': '22.08', 'solved': 48, 'success': 50.0}], 'weak_topics': [{'topic_id': '67019b6c-2647-4359-b397-b95e34376591', 'topic_name': 'Fonksiyonlar', 'subject_id': 'f00ae080-101e-47c4-994c-a003a3e5f63e', 'subject_name': 'Matematik', 'subject_slug': 'matematik', 'exam_id': '2d9b6346-0986-4bdf...5-4b57-40bd-8b5d-0cf87f00d5bb', 'aa0bb2e2-42ab-4714-a357-24d84a0aea39', '41df72fa-f8e5-4793-b78c-4e04414c0c22'], 'difficulty': 'orta', 'status': 'published', 'created_at': '2026-08-22T15:25:35.408748+00:00', 'question_count': 20}, {'id': '2836591d-cca7-47c6-8d64-4ede726f912f', 'exam_id': '2d9b6346-0986-4bdf-8ade-00da88f99e3d', 'name': 'YKS Zor Deneme', 'description': 'YKS için hazırlanmış 15 soruluk deneme.', 'duration_minutes': 35, 'question_ids': ['295ad665-ff0a-48b8-95de-98138842e6f9', '9e5d25a5-4699-4cd8-b422-748e6b30acc7', '54f408d5-7955-4b95-8e2e-3ceba7049a9e', 'd9ed980b-2191-4232-89dc-1bfd173b44bc', '44091c2f-8e87-4ee0-95bc-f66b2d586992', '9d19e5a4-e8ae-43e4-8561-c958bacbdbb6', 'dc2ace55-2565-48dc-a432-7a3ecc217fea', 'd9a828ab-970f-4e1b-bd8e-1da19320775f', '7f45ee59-2cae-44d3-822c-c2a9d0f207ce', '0d45ea2d-88d0-4fbd-8898-267a80a324e6', 'f3809305-397a-4cba-bd30-7716ae1da478', 'f527f93f-3a04-4cf4-ad00-12cf15ea0294', 'eb5285f7-bb6e-47a8-a27e-d815bf66179c', 'c2d2744c-7ceb-41ef-adaf-0af07a15f8e1', '4fac2e47-8a2b-4eaa-a00d-3229fbe60137'], 'difficulty': 'orta', 'status': 'published', 'created_at': '2026-08-22T15:25:35.408771+00:00', 'question_count': 15}], 'xp': 1360, 'streak': 6}&quot; = str({'daily_goal': 20, 'solved_today': 48, 'success_today': 50.0, 'overall_success': 65.7, ...})&#10; +    where {'daily_goal': 20, 'solved_today': 48, 'success_today': 50.0, 'overall_success': 65.7, ...} = json()&#10; +      where json = &lt;Response [200]&gt;.json">tests/test_iteration2.py:362: in test_dashboard
    assert "stats" in r.json() or "total_questions_solved" in str(r.json())
E   assert ('stats' in {'daily_goal': 20, 'solved_today': 48, 'success_today': 50.0, 'overall_success': 65.7, ...} or 'total_questions_solved' in "{'daily_goal': 20, 'solved_today': 48, 'success_today': 50.0, 'overall_success': 65.7, 'total_solved': 123, 'total_tests': 8, 'avg_score': 242.9, 'last_result': {'id': '2a9c619d-58e5-453d-b8b2-0727df13e5f5', 'user_id': '6a89bf6f401dc9521d281b37', 'session_id': 'a881de4d-bc69-42d2-84d3-c2cd0d6d65ab', 'test_id': '5ab0b350-33ed-4ec1-bf35-164af0d201f1', 'test_name': 'YKS Başlangıç Denemesi', 'exam_id': '2d9b6346-0986-4bdf-8ade-00da88f99e3d', 'total': 10, 'correct': 3, 'wrong': 7, 'blank': 0, 'net': 1.25, 'score': 62.5, 'success_rate': 30.0, 'created_at': '2026-08-22T15:45:11.473244+00:00'}, 'series': [{'date': '16.08', 'solved': 12, 'success': 63.6}, {'date': '17.08', 'solved': 11, 'success': 87.5}, {'date': '18.08', 'solved': 18, 'success': 76.5}, {'date': '19.08', 'solved': 10, 'success': 66.7}, {'date': '20.08', 'solved': 11, 'success': 62.5}, {'date': '21.08', 'solved': 13, 'success': 84.6}, {'date': '22.08', 'solved': 48, 'success': 50.0}], 'weak_topics': [{'topic_id': '67019b6c-2647-4359-b397-b95e34376591', 'topic_name': 'Fonksiyonlar', 'subject_id': 'f00ae080-101e-47c4-994c-a003a3e5f63e', 'subject_name': 'Matematik', 'subject_slug': 'matematik', 'exam_id': '2d9b6346-0986-4bdf...5-4b57-40bd-8b5d-0cf87f00d5bb', 'aa0bb2e2-42ab-4714-a357-24d84a0aea39', '41df72fa-f8e5-4793-b78c-4e04414c0c22'], 'difficulty': 'orta', 'status': 'published', 'created_at': '2026-08-22T15:25:35.408748+00:00', 'question_count': 20}, {'id': '2836591d-cca7-47c6-8d64-4ede726f912f', 'exam_id': '2d9b6346-0986-4bdf-8ade-00da88f99e3d', 'name': 'YKS Zor Deneme', 'description': 'YKS için hazırlanmış 15 soruluk deneme.', 'duration_minutes': 35, 'question_ids': ['295ad665-ff0a-48b8-95de-98138842e6f9', '9e5d25a5-4699-4cd8-b422-748e6b30acc7', '54f408d5-7955-4b95-8e2e-3ceba7049a9e', 'd9ed980b-2191-4232-89dc-1bfd173b44bc', '44091c2f-8e87-4ee0-95bc-f66b2d586992', '9d19e5a4-e8ae-43e4-8561-c958bacbdbb6', 'dc2ace55-2565-48dc-a432-7a3ecc217fea', 'd9a828ab-970f-4e1b-bd8e-1da19320775f', '7f45ee59-2cae-44d3-822c-c2a9d0f207ce', '0d45ea2d-88d0-4fbd-8898-267a80a324e6', 'f3809305-397a-4cba-bd30-7716ae1da478', 'f527f93f-3a04-4cf4-ad00-12cf15ea0294', 'eb5285f7-bb6e-47a8-a27e-d815bf66179c', 'c2d2744c-7ceb-41ef-adaf-0af07a15f8e1', '4fac2e47-8a2b-4eaa-a00d-3229fbe60137'], 'difficulty': 'orta', 'status': 'published', 'created_at': '2026-08-22T15:25:35.408771+00:00', 'question_count': 15}], 'xp': 1360, 'streak': 6}")
E    +  where {'daily_goal': 20, 'solved_today': 48, 'success_today': 50.0, 'overall_success': 65.7, ...} = json()
E    +    where json = &lt;Response [200]&gt;.json
E    +  and   "{'daily_goal': 20, 'solved_today': 48, 'success_today': 50.0, 'overall_success': 65.7, 'total_solved': 123, 'total_tests': 8, 'avg_score': 242.9, 'last_result': {'id': '2a9c619d-58e5-453d-b8b2-0727df13e5f5', 'user_id': '6a89bf6f401dc9521d281b37', 'session_id': 'a881de4d-bc69-42d2-84d3-c2cd0d6d65ab', 'test_id': '5ab0b350-33ed-4ec1-bf35-164af0d201f1', 'test_name': 'YKS Başlangıç Denemesi', 'exam_id': '2d9b6346-0986-4bdf-8ade-00da88f99e3d', 'total': 10, 'correct': 3, 'wrong': 7, 'blank': 0, 'net': 1.25, 'score': 62.5, 'success_rate': 30.0, 'created_at': '2026-08-22T15:45:11.473244+00:00'}, 'series': [{'date': '16.08', 'solved': 12, 'success': 63.6}, {'date': '17.08', 'solved': 11, 'success': 87.5}, {'date': '18.08', 'solved': 18, 'success': 76.5}, {'date': '19.08', 'solved': 10, 'success': 66.7}, {'date': '20.08', 'solved': 11, 'success': 62.5}, {'date': '21.08', 'solved': 13, 'success': 84.6}, {'date': '22.08', 'solved': 48, 'success': 50.0}], 'weak_topics': [{'topic_id': '67019b6c-2647-4359-b397-b95e34376591', 'topic_name': 'Fonksiyonlar', 'subject_id': 'f00ae080-101e-47c4-994c-a003a3e5f63e', 'subject_name': 'Matematik', 'subject_slug': 'matematik', 'exam_id': '2d9b6346-0986-4bdf...5-4b57-40bd-8b5d-0cf87f00d5bb', 'aa0bb2e2-42ab-4714-a357-24d84a0aea39', '41df72fa-f8e5-4793-b78c-4e04414c0c22'], 'difficulty': 'orta', 'status': 'published', 'created_at': '2026-08-22T15:25:35.408748+00:00', 'question_count': 20}, {'id': '2836591d-cca7-47c6-8d64-4ede726f912f', 'exam_id': '2d9b6346-0986-4bdf-8ade-00da88f99e3d', 'name': 'YKS Zor Deneme', 'description': 'YKS için hazırlanmış 15 soruluk deneme.', 'duration_minutes': 35, 'question_ids': ['295ad665-ff0a-48b8-95de-98138842e6f9', '9e5d25a5-4699-4cd8-b422-748e6b30acc7', '54f408d5-7955-4b95-8e2e-3ceba7049a9e', 'd9ed980b-2191-4232-89dc-1bfd173b44bc', '44091c2f-8e87-4ee0-95bc-f66b2d586992', '9d19e5a4-e8ae-43e4-8561-c958bacbdbb6', 'dc2ace55-2565-48dc-a432-7a3ecc217fea', 'd9a828ab-970f-4e1b-bd8e-1da19320775f', '7f45ee59-2cae-44d3-822c-c2a9d0f207ce', '0d45ea2d-88d0-4fbd-8898-267a80a324e6', 'f3809305-397a-4cba-bd30-7716ae1da478', 'f527f93f-3a04-4cf4-ad00-12cf15ea0294', 'eb5285f7-bb6e-47a8-a27e-d815bf66179c', 'c2d2744c-7ceb-41ef-adaf-0af07a15f8e1', '4fac2e47-8a2b-4eaa-a00d-3229fbe60137'], 'difficulty': 'orta', 'status': 'published', 'created_at': '2026-08-22T15:25:35.408771+00:00', 'question_count': 15}], 'xp': 1360, 'streak': 6}" = str({'daily_goal': 20, 'solved_today': 48, 'success_today': 50.0, 'overall_success': 65.7, ...})
E    +    where {'daily_goal': 20, 'solved_today': 48, 'success_today': 50.0, 'overall_success': 65.7, ...} = json()
E    +      where json = &lt;Response [200]&gt;.json</failure></testcase><testcase classname="tests.test_iteration2.TestAdminNotes" name="test_note_crud" time="0.856" /><testcase classname="tests.test_iteration2.TestRegressionSpot" name="test_leaderboard" time="0.157" /><testcase classname="tests.test_iteration2.TestRegressionSpot" name="test_login_demo" time="0.347" /><testcase classname="tests.test_iteration2.TestAICoach" name="test_requires_auth" time="0.286" /><testcase classname="tests.test_iteration2.TestAICoach" name="test_generate_and_latest" time="4.907" /></testsuite></testsuites>