<?xml version="1.0" encoding="utf-8"?><testsuites name="pytest tests"><testsuite name="pytest" errors="0" failures="0" skipped="0" tests="54" time="71.037" timestamp="2026-08-22T15:40:57.237285+00:00" hostname="agent-env-ce41f960-88ed-4b5f-9a9d-b6b42bcd4694"><testcase classname="tests.backend_test.TestAuth" name="test_register_returns_user_and_token" time="0.681" /><testcase classname="tests.backend_test.TestAnalytics" name="test_dashboard" time="0.792" /><testcase classname="tests.backend_test.TestAuth" name="test_register_duplicate_email_rejected" time="0.512" /><testcase classname="tests.backend_test.TestAnalytics" name="test_dashboard_requires_auth" time="0.243" /><testcase classname="tests.backend_test.TestAnalytics" name="test_proficiency" time="0.069" /><testcase classname="tests.backend_test.TestAnalytics" name="test_leaderboard[score-all]" time="0.132" /><testcase classname="tests.backend_test.TestAuth" name="test_register_short_password_rejected" time="0.286" /><testcase classname="tests.backend_test.TestAnalytics" name="test_leaderboard[score-daily]" time="0.125" /><testcase classname="tests.backend_test.TestAnalytics" name="test_leaderboard[score-weekly]" time="0.185" /><testcase classname="tests.backend_test.TestAuth" name="test_login_demo_success" time="0.341" /><testcase classname="tests.backend_test.TestAnalytics" name="test_leaderboard[score-monthly]" time="0.273" /><testcase classname="tests.backend_test.TestAuth" name="test_login_wrong_password_401" time="0.695" /><testcase classname="tests.backend_test.TestAnalytics" name="test_leaderboard[questions-all]" time="0.327" /><testcase classname="tests.backend_test.TestAnalytics" name="test_leaderboard[questions-daily]" time="0.103" /><testcase classname="tests.backend_test.TestAnalytics" name="test_leaderboard[questions-weekly]" time="0.269" /><testcase classname="tests.backend_test.TestAuth" name="test_brute_force_lockout_after_5_fails" time="66.152" /><testcase classname="tests.backend_test.TestAnalytics" name="test_leaderboard[questions-monthly]" time="0.104" /><testcase classname="tests.backend_test.TestAnalytics" name="test_leaderboard[xp-all]" time="0.278" /><testcase classname="tests.backend_test.TestAnalytics" name="test_leaderboard[xp-daily]" time="0.299" /><testcase classname="tests.backend_test.TestAnalytics" name="test_leaderboard[xp-weekly]" time="0.108" /><testcase classname="tests.backend_test.TestAnalytics" name="test_leaderboard[xp-monthly]" time="0.239" /><testcase classname="tests.backend_test.TestAnalytics" name="test_leaderboard_exam_filter" time="0.367" /><testcase classname="tests.backend_test.TestQuestions" name="test_questions_requires_auth" time="0.137" /><testcase classname="tests.backend_test.TestQuestions" name="test_questions_pagination_shape" time="0.254" /><testcase classname="tests.backend_test.TestQuestions" name="test_questions_page_2_differs" time="0.186" /><testcase classname="tests.backend_test.TestQuestions" name="test_filter_by_exam_and_difficulty" time="30.296" /><testcase classname="tests.backend_test.TestQuestions" name="test_result_filters[wrong]" time="0.069" /><testcase classname="tests.backend_test.TestQuestions" name="test_result_filters[correct]" time="0.060" /><testcase classname="tests.backend_test.TestQuestions" name="test_result_filters[blank]" time="0.067" /><testcase classname="tests.backend_test.TestQuestions" name="test_practice_answer_correct_and_wrong" time="0.191" /><testcase classname="tests.backend_test.TestQuestions" name="test_practice_blank_answer" time="0.133" /><testcase classname="tests.backend_test.TestQuestions" name="test_practice_bad_question_404" time="0.068" /><testcase classname="tests.backend_test.TestDenemeFlow" name="test_list_tests" time="0.109" /><testcase classname="tests.backend_test.TestDenemeFlow" name="test_get_test_requires_auth" time="30.331" /><testcase classname="tests.backend_test.TestDenemeFlow" name="test_get_test_does_not_leak_answers" time="0.258" /><testcase classname="tests.backend_test.TestDenemeFlow" name="test_get_test_404" time="0.067" /><testcase classname="tests.backend_test.TestDenemeFlow" name="test_full_deneme_submit_and_scoring" time="0.593" /><testcase classname="tests.backend_test.TestDenemeFlow" name="test_submit_foreign_session_404" time="0.986" /><testcase classname="tests.backend_test.TestDenemeFlow" name="test_start_test_404" time="0.058" /><testcase classname="tests.backend_test.TestAdmin" name="test_admin_endpoints_reject_normal_user" time="0.399" /><testcase classname="tests.backend_test.TestAdmin" name="test_admin_endpoints_reject_anonymous" time="0.103" /><testcase classname="tests.backend_test.TestAdmin" name="test_admin_stats" time="0.446" /><testcase classname="tests.backend_test.TestAuth" name="test_me_without_token_401" time="0.126" /><testcase classname="tests.backend_test.TestAdmin" name="test_admin_users_no_password_hash" time="0.070" /><testcase classname="tests.backend_test.TestAuth" name="test_me_with_bad_token_401" time="0.159" /><testcase classname="tests.backend_test.TestAdmin" name="test_admin_exam_crud" time="0.397" /><testcase classname="tests.backend_test.TestAuth" name="test_bcrypt_hash_format" time="0.061" /><testcase classname="tests.backend_test.TestAuth" name="test_forgot_password_generic_response" time="0.183" /><testcase classname="tests.backend_test.TestAdmin" name="test_admin_create_subject_topic_question" time="0.687" /><testcase classname="tests.backend_test.TestAuth" name="test_profile_update_persists" time="0.564" /><testcase classname="tests.backend_test.TestExams" name="test_list_exams" time="0.125" /><testcase classname="tests.backend_test.TestExams" name="test_subjects_and_topics" time="0.480" /><testcase classname="tests.backend_test.TestAdmin" name="test_admin_bulk_questions" time="0.180" /><testcase classname="tests.backend_test.TestHealth" name="test_root" time="0.125" /></testsuite></testsuites>