<?xml version="1.0" encoding="utf-8"?><testsuites name="pytest tests"><testsuite name="pytest" errors="0" failures="0" skipped="0" tests="81" time="13.891" timestamp="2026-08-22T16:19:40.292482+00:00" hostname="agent-env-ce41f960-88ed-4b5f-9a9d-b6b42bcd4694"><testcase classname="tests.backend_test.TestAuth" name="test_register_returns_user_and_token" time="0.822" /><testcase classname="tests.backend_test.TestAnalytics" name="test_dashboard" time="0.733" /><testcase classname="tests.backend_test.TestAnalytics" name="test_dashboard_requires_auth" time="0.130" /><testcase classname="tests.backend_test.TestAuth" name="test_register_duplicate_email_rejected" time="0.574" /><testcase classname="tests.backend_test.TestAnalytics" name="test_proficiency" time="0.082" /><testcase classname="tests.backend_test.TestAnalytics" name="test_leaderboard[score-all]" time="0.245" /><testcase classname="tests.backend_test.TestAnalytics" name="test_leaderboard[score-daily]" time="0.121" /><testcase classname="tests.backend_test.TestAnalytics" name="test_leaderboard[score-weekly]" time="0.116" /><testcase classname="tests.backend_test.TestAuth" name="test_register_short_password_rejected" time="0.177" /><testcase classname="tests.backend_test.TestAnalytics" name="test_leaderboard[score-monthly]" time="0.160" /><testcase classname="tests.backend_test.TestAuth" name="test_login_demo_success" time="0.339" /><testcase classname="tests.backend_test.TestAnalytics" name="test_leaderboard[questions-all]" time="0.336" /><testcase classname="tests.backend_test.TestAuth" name="test_login_wrong_password_401" time="0.754" /><testcase classname="tests.backend_test.TestAnalytics" name="test_leaderboard[questions-daily]" time="0.120" /><testcase classname="tests.backend_test.TestAnalytics" name="test_leaderboard[questions-weekly]" time="0.259" /><testcase classname="tests.backend_test.TestAnalytics" name="test_leaderboard[questions-monthly]" time="0.106" /><testcase classname="tests.backend_test.TestAnalytics" name="test_leaderboard[xp-all]" time="0.257" /><testcase classname="tests.backend_test.TestAuth" name="test_brute_force_lockout_after_5_fails" time="3.426" /><testcase classname="tests.backend_test.TestAnalytics" name="test_leaderboard[xp-daily]" time="0.377" /><testcase classname="tests.backend_test.TestAnalytics" name="test_leaderboard[xp-weekly]" time="0.315" /><testcase classname="tests.backend_test.TestAnalytics" name="test_leaderboard[xp-monthly]" time="0.340" /><testcase classname="tests.backend_test.TestAnalytics" name="test_leaderboard_exam_filter" time="0.415" /><testcase classname="tests.backend_test.TestQuestions" name="test_questions_requires_auth" time="0.252" /><testcase classname="tests.backend_test.TestQuestions" name="test_questions_pagination_shape" time="0.073" /><testcase classname="tests.backend_test.TestQuestions" name="test_questions_page_2_differs" time="0.338" /><testcase classname="tests.backend_test.TestQuestions" name="test_filter_by_exam_and_difficulty" time="0.199" /><testcase classname="tests.backend_test.TestQuestions" name="test_result_filters[wrong]" time="0.071" /><testcase classname="tests.backend_test.TestQuestions" name="test_result_filters[correct]" time="0.071" /><testcase classname="tests.backend_test.TestQuestions" name="test_result_filters[blank]" time="0.069" /><testcase classname="tests.backend_test.TestQuestions" name="test_practice_answer_correct_and_wrong" time="0.224" /><testcase classname="tests.backend_test.TestQuestions" name="test_practice_blank_answer" time="0.224" /><testcase classname="tests.backend_test.TestQuestions" name="test_practice_bad_question_404" time="0.072" /><testcase classname="tests.backend_test.TestDenemeFlow" name="test_list_tests" time="0.100" /><testcase classname="tests.backend_test.TestDenemeFlow" name="test_get_test_requires_auth" time="0.238" /><testcase classname="tests.backend_test.TestDenemeFlow" name="test_get_test_does_not_leak_answers" time="0.191" /><testcase classname="tests.backend_test.TestAuth" name="test_me_without_token_401" time="0.107" /><testcase classname="tests.backend_test.TestAuth" name="test_me_with_bad_token_401" time="0.124" /><testcase classname="tests.backend_test.TestDenemeFlow" name="test_get_test_404" time="0.072" /><testcase classname="tests.backend_test.TestDenemeFlow" name="test_full_deneme_submit_and_scoring" time="0.629" /><testcase classname="tests.backend_test.TestAuth" name="test_bcrypt_hash_format" time="0.078" /><testcase classname="tests.backend_test.TestAuth" name="test_forgot_password_generic_response" time="0.118" /><testcase classname="tests.backend_test.TestAuth" name="test_profile_update_persists" time="0.668" /><testcase classname="tests.backend_test.TestDenemeFlow" name="test_submit_foreign_session_404" time="0.736" /><testcase classname="tests.backend_test.TestAdmin" name="test_admin_endpoints_reject_normal_user" time="0.428" /><testcase classname="tests.backend_test.TestAdmin" name="test_admin_endpoints_reject_anonymous" time="0.120" /><testcase classname="tests.backend_test.TestDenemeFlow" name="test_start_test_404" time="0.121" /><testcase classname="tests.test_iteration2.TestNotes" name="test_notes_requires_auth" time="0.262" /><testcase classname="tests.test_iteration2.TestNotes" name="test_list_notes_seeded" time="0.073" /><testcase classname="tests.backend_test.TestAdmin" name="test_admin_stats" time="0.441" /><testcase classname="tests.test_iteration2.TestNotes" name="test_filter_notes_by_exam" time="0.179" /><testcase classname="tests.backend_test.TestAdmin" name="test_admin_users_no_password_hash" time="0.050" /><testcase classname="tests.backend_test.TestAdmin" name="test_admin_exam_crud" time="0.515" /><testcase classname="tests.test_iteration2.TestNotes" name="test_get_note_by_id_and_404" time="0.266" /><testcase classname="tests.test_iteration2.TestNotes" name="test_topic_note_lookup" time="0.151" /><testcase classname="tests.test_iteration2.TestNotes" name="test_topic_note_missing_returns_empty" time="0.069" /><testcase classname="tests.backend_test.TestAdmin" name="test_admin_create_subject_topic_question" time="0.491" /><testcase classname="tests.test_iteration2.TestNotes" name="test_filter_notes_by_topic" time="0.137" /><testcase classname="tests.test_iteration2.TestScoring" name="test_get_scoring_config" time="0.215" /><testcase classname="tests.test_iteration2.TestScoring" name="test_get_scoring_404" time="0.125" /><testcase classname="tests.backend_test.TestAdmin" name="test_admin_bulk_questions" time="0.207" /><testcase classname="tests.test_iteration2.TestScoring" name="test_put_scoring_requires_admin" time="0.178" /><testcase classname="tests.test_iteration2.TestUploadAndFiles" name="test_upload_requires_admin" time="0.119" /><testcase classname="tests.test_iteration2.TestUploadAndFiles" name="test_upload_and_download" time="1.125" /><testcase classname="tests.test_iteration2.TestScoring" name="test_put_scoring_and_calculate" time="1.452" /><testcase classname="tests.test_iteration2.TestUploadAndFiles" name="test_file_without_token_401" time="0.109" /><testcase classname="tests.test_iteration2.TestUploadAndFiles" name="test_unknown_file_404" time="0.126" /><testcase classname="tests.test_iteration2.TestScoring" name="test_calculate_requires_auth" time="0.253" /><testcase classname="tests.test_iteration2.TestCsvImport" name="test_non_admin_forbidden" time="0.195" /><testcase classname="tests.test_iteration2.TestCsvImport" name="test_import_mixed_report" time="0.475" /><testcase classname="tests.test_iteration2.TestScoring" name="test_calculate_bad_exam_404" time="0.067" /><testcase classname="tests.test_iteration2.TestScoring" name="test_calculate_unknown_section_uses_defaults" time="0.211" /><testcase classname="tests.backend_test.TestExams" name="test_list_exams" time="0.123" /><testcase classname="tests.backend_test.TestExams" name="test_subjects_and_topics" time="0.491" /><testcase classname="tests.test_iteration2.TestCsvImport" name="test_import_duplicate_second_call" time="0.311" /><testcase classname="tests.test_iteration2.TestRegressionSpot" name="test_dashboard" time="0.069" /><testcase classname="tests.test_iteration2.TestRegressionSpot" name="test_leaderboard" time="0.194" /><testcase classname="tests.test_iteration2.TestAdminNotes" name="test_non_admin_forbidden" time="0.468" /><testcase classname="tests.test_iteration2.TestRegressionSpot" name="test_login_demo" time="0.350" /><testcase classname="tests.backend_test.TestHealth" name="test_root" time="0.111" /><testcase classname="tests.test_iteration2.TestAdminNotes" name="test_note_crud" time="0.484" /><testcase classname="tests.test_iteration2.TestAICoach" name="test_requires_auth" time="0.247" /></testsuite></testsuites>